[    0.000000] Initializing cgroup subsys cpuset
[    0.000000] Initializing cgroup subsys cpu
[    0.000000] Initializing cgroup subsys cpuacct
[    0.000000] Linux version 4.4.0-177-generic (buildd@lgw01-amd64-035) (gcc version 5.4.0 20160609 (Ubuntu 5.4.0-6ubuntu1~16.04.12) ) #207-Ubuntu SMP Mon Mar 16 01:16:10 UTC 2020 (Ubuntu 4.4.0-177.207-generic 4.4.214)
[    0.000000] Command line: BOOT_IMAGE=/boot/vmlinuz-4.4.0-177-generic root=LABEL=cloudimg-rootfs ro console=tty1 console=ttyS0
[    0.000000] KERNEL supported cpus:
[    0.000000]   Intel GenuineIntel
[    0.000000]   AMD AuthenticAMD
[    0.000000]   Centaur CentaurHauls
[    0.000000] x86/fpu: xstate_offset[2]:  576, xstate_sizes[2]:  256
[    0.000000] x86/fpu: Supporting XSAVE feature 0x01: 'x87 floating point registers'
[    0.000000] x86/fpu: Supporting XSAVE feature 0x02: 'SSE registers'
[    0.000000] x86/fpu: Supporting XSAVE feature 0x04: 'AVX registers'
[    0.000000] x86/fpu: Enabled xstate features 0x7, context size is 832 bytes, using 'standard' format.
[    0.000000] e820: BIOS-provided physical RAM map:
[    0.000000] BIOS-e820: [mem 0x0000000000000000-0x000000000009fbff] usable
[    0.000000] BIOS-e820: [mem 0x000000000009fc00-0x000000000009ffff] reserved
[    0.000000] BIOS-e820: [mem 0x00000000000f0000-0x00000000000fffff] reserved
[    0.000000] BIOS-e820: [mem 0x0000000000100000-0x000000007ffeffff] usable
[    0.000000] BIOS-e820: [mem 0x000000007fff0000-0x000000007fffffff] ACPI data
[    0.000000] BIOS-e820: [mem 0x00000000fec00000-0x00000000fec00fff] reserved
[    0.000000] BIOS-e820: [mem 0x00000000fee00000-0x00000000fee00fff] reserved
[    0.000000] BIOS-e820: [mem 0x00000000fffc0000-0x00000000ffffffff] reserved
[    0.000000] NX (Execute Disable) protection: active
[    0.000000] SMBIOS 2.5 present.
[    0.000000] Hypervisor detected: KVM
[    0.000000] e820: last_pfn = 0x7fff0 max_arch_pfn = 0x400000000
[    0.000000] MTRR: Disabled
[    0.000000] x86/PAT: MTRRs disabled, skipping PAT initialization too.
[    0.000000] CPU MTRRs all blank - virtualized system.
[    0.000000] x86/PAT: Configuration [0-7]: WB  WT  UC- UC  WB  WT  UC- UC  
[    0.000000] found SMP MP-table at [mem 0x0009fff0-0x0009ffff] mapped at [ffff88000009fff0]
[    0.000000] Scanning 1 areas for low memory corruption
[    0.000000] RAMDISK: [mem 0x362e4000-0x37169fff]
[    0.000000] ACPI: Early table checksum verification disabled
[    0.000000] ACPI: RSDP 0x00000000000E0000 000024 (v02 VBOX  )
[    0.000000] ACPI: XSDT 0x000000007FFF0030 00003C (v01 VBOX   VBOXXSDT 00000001 ASL  00000061)
[    0.000000] ACPI: FACP 0x000000007FFF00F0 0000F4 (v04 VBOX   VBOXFACP 00000001 ASL  00000061)
[    0.000000] ACPI: DSDT 0x000000007FFF0470 002325 (v02 VBOX   VBOXBIOS 00000002 INTL 20100528)
[    0.000000] ACPI: FACS 0x000000007FFF0200 000040
[    0.000000] ACPI: FACS 0x000000007FFF0200 000040
[    0.000000] ACPI: APIC 0x000000007FFF0240 00005C (v02 VBOX   VBOXAPIC 00000001 ASL  00000061)
[    0.000000] ACPI: SSDT 0x000000007FFF02A0 0001CC (v01 VBOX   VBOXCPUT 00000002 INTL 20100528)
[    0.000000] No NUMA configuration found
[    0.000000] Faking a node at [mem 0x0000000000000000-0x000000007ffeffff]
[    0.000000] NODE_DATA(0) allocated [mem 0x7ffeb000-0x7ffeffff]
[    0.000000] kvm-clock: Using msrs 4b564d01 and 4b564d00
[    0.000000] kvm-clock: cpu 0, msr 0:7ffe3001, primary cpu clock
[    0.000000] kvm-clock: using sched offset of 3930055192 cycles
[    0.000000] clocksource: kvm-clock: mask: 0xffffffffffffffff max_cycles: 0x1cd42e4dffb, max_idle_ns: 881590591483 ns
[    0.000000] Zone ranges:
[    0.000000]   DMA      [mem 0x0000000000001000-0x0000000000ffffff]
[    0.000000]   DMA32    [mem 0x0000000001000000-0x000000007ffeffff]
[    0.000000]   Normal   empty
[    0.000000]   Device   empty
[    0.000000] Movable zone start for each node
[    0.000000] Early memory node ranges
[    0.000000]   node   0: [mem 0x0000000000001000-0x000000000009efff]
[    0.000000]   node   0: [mem 0x0000000000100000-0x000000007ffeffff]
[    0.000000] Initmem setup node 0 [mem 0x0000000000001000-0x000000007ffeffff]
[    0.000000] ACPI: PM-Timer IO Port: 0x4008
[    0.000000] IOAPIC[0]: apic_id 2, version 32, address 0xfec00000, GSI 0-23
[    0.000000] ACPI: INT_SRC_OVR (bus 0 bus_irq 0 global_irq 2 dfl dfl)
[    0.000000] ACPI: INT_SRC_OVR (bus 0 bus_irq 9 global_irq 9 low level)
[    0.000000] Using ACPI (MADT) for SMP configuration information
[    0.000000] smpboot: Allowing 2 CPUs, 0 hotplug CPUs
[    0.000000] PM: Registered nosave memory: [mem 0x00000000-0x00000fff]
[    0.000000] PM: Registered nosave memory: [mem 0x0009f000-0x0009ffff]
[    0.000000] PM: Registered nosave memory: [mem 0x000a0000-0x000effff]
[    0.000000] PM: Registered nosave memory: [mem 0x000f0000-0x000fffff]
[    0.000000] e820: [mem 0x80000000-0xfebfffff] available for PCI devices
[    0.000000] Booting paravirtualized kernel on KVM
[    0.000000] clocksource: refined-jiffies: mask: 0xffffffff max_cycles: 0xffffffff, max_idle_ns: 7645519600211568 ns
[    0.000000] setup_percpu: NR_CPUS:512 nr_cpumask_bits:512 nr_cpu_ids:2 nr_node_ids:1
[    0.000000] PERCPU: Embedded 33 pages/cpu @ffff88007fc00000 s95448 r8192 d31528 u1048576
[    0.000000] Built 1 zonelists in Node order, mobility grouping on.  Total pages: 515960
[    0.000000] Policy zone: DMA32
[    0.000000] Kernel command line: BOOT_IMAGE=/boot/vmlinuz-4.4.0-177-generic root=LABEL=cloudimg-rootfs ro console=tty1 console=ttyS0
[    0.000000] PID hash table entries: 4096 (order: 3, 32768 bytes)
[    0.000000] Memory: 2029872K/2096696K available (8626K kernel code, 1336K rwdata, 4036K rodata, 1488K init, 1292K bss, 66824K reserved, 0K cma-reserved)
[    0.000000] SLUB: HWalign=64, Order=0-3, MinObjects=0, CPUs=2, Nodes=1
[    0.000000] Kernel/User page tables isolation: enabled
[    0.000000] Hierarchical RCU implementation.
[    0.000000] 	Build-time adjustment of leaf fanout to 64.
[    0.000000] 	RCU restricting CPUs from NR_CPUS=512 to nr_cpu_ids=2.
[    0.000000] RCU: Adjusting geometry for rcu_fanout_leaf=64, nr_cpu_ids=2
[    0.000000] NR_IRQS:33024 nr_irqs:440 16
[    0.000000] Console: colour VGA+ 80x25
[    0.000000] console [tty1] enabled
[    0.000000] console [ttyS0] enabled
[    0.000000] tsc: Detected 2399.992 MHz processor
[    0.301279] Calibrating delay loop (skipped) preset value.. 4799.98 BogoMIPS (lpj=9599968)
[    0.303871] pid_max: default: 32768 minimum: 301
[    0.305263] ACPI: Core revision 20150930
[    0.309488] ACPI: 2 ACPI AML tables successfully acquired and loaded
[    0.312952] Security Framework initialized
[    0.313963] Yama: becoming mindful.
[    0.319380] AppArmor: AppArmor initialized
[    0.327600] Dentry cache hash table entries: 262144 (order: 9, 2097152 bytes)
[    0.331553] Inode-cache hash table entries: 131072 (order: 8, 1048576 bytes)
[    0.334825] Mount-cache hash table entries: 4096 (order: 3, 32768 bytes)
[    0.336790] Mountpoint-cache hash table entries: 4096 (order: 3, 32768 bytes)
[    0.343033] Initializing cgroup subsys io
[    0.344746] Initializing cgroup subsys memory
[    0.348034] Initializing cgroup subsys devices
[    0.349895] Initializing cgroup subsys freezer
[    0.352582] Initializing cgroup subsys net_cls
[    0.353983] Initializing cgroup subsys perf_event
[    0.360977] Initializing cgroup subsys net_prio
[    0.364898] Initializing cgroup subsys hugetlb
[    0.366232] Initializing cgroup subsys pids
[    0.369193] mce: CPU supports 0 MCE banks
[    0.371116] Last level iTLB entries: 4KB 64, 2MB 8, 4MB 8
[    0.373027] Last level dTLB entries: 4KB 64, 2MB 0, 4MB 0, 1GB 4
[    0.374657] Spectre V1 : Mitigation: usercopy/swapgs barriers and __user pointer sanitization
[    0.379506] Spectre V2 : Mitigation: Full generic retpoline
[    0.381020] Spectre V2 : Spectre v2 / SpectreRSB mitigation: Filling RSB on context switch
[    0.384225] Speculative Store Bypass: Vulnerable
[    0.389389] MDS: Mitigation: Clear CPU buffers
[    0.397950] Freeing SMP alternatives memory: 36K
[    0.427949] ftrace: allocating 32304 entries in 127 pages
[    0.531944] smpboot: APIC(0) Converting physical 0 to logical package 0
[    0.534145] smpboot: Max logical packages: 1
[    0.537073] x2apic enabled
[    0.538177] Switched APIC routing to physical x2apic.
[    0.541326] ..TIMER: vector=0x30 apic1=0 pin1=2 apic2=-1 pin2=-1
[    0.651583] smpboot: CPU0: Intel(R) Core(TM) i5-6200U CPU @ 2.30GHz (family: 0x6, model: 0x4e, stepping: 0x3)
[    0.657228] Performance Events: unsupported p6 CPU model 78 no PMU driver, software events only.
[    0.687601] KVM setup paravirtual spinlock
[    0.698934] x86: Booting SMP configuration:
[    0.700284] .... node  #0, CPUs:      #1
[    0.701473] kvm-clock: cpu 1, msr 0:7ffe3041, secondary cpu clock
[    0.710399] mce: CPU supports 0 MCE banks
[    0.713159] x86: Booted up 1 node, 2 CPUs
[    0.718698] smpboot: Total of 2 processors activated (9599.96 BogoMIPS)
[    0.727698] devtmpfs: initialized
[    0.738621] evm: security.selinux
[    0.739897] evm: security.SMACK64
[    0.741895] evm: security.SMACK64EXEC
[    0.744713] evm: security.SMACK64TRANSMUTE
[    0.746664] evm: security.SMACK64MMAP
[    0.755840] evm: security.ima
[    0.756721] evm: security.capability
[    0.758771] clocksource: jiffies: mask: 0xffffffff max_cycles: 0xffffffff, max_idle_ns: 7645041785100000 ns
[    0.770299] futex hash table entries: 512 (order: 3, 32768 bytes)
[    0.772093] pinctrl core: initialized pinctrl subsystem
[    0.773513] RTC time:  3:50:26, date: 04/28/20
[    0.775142] NET: Registered protocol family 16
[    0.794992] cpuidle: using governor ladder
[    0.816411] cpuidle: using governor menu
[    0.819219] PCCT header not found.
[    0.820282] ACPI: bus type PCI registered
[    0.821772] acpiphp: ACPI Hot Plug PCI Controller Driver version: 0.5
[    0.825458] PCI: Using configuration type 1 for base access
[    0.841699] ACPI: Added _OSI(Module Device)
[    0.842756] ACPI: Added _OSI(Processor Device)
[    0.843788] ACPI: Added _OSI(3.0 _SCP Extensions)
[    0.845281] ACPI: Added _OSI(Processor Aggregator Device)
[    0.847772] ACPI: Executed 1 blocks of module-level executable AML code
[    0.853806] ACPI: Interpreter enabled
[    0.857047] ACPI: (supports S0 S5)
[    0.858040] ACPI: Using IOAPIC for interrupt routing
[    0.859556] PCI: Using host bridge windows from ACPI; if necessary, use "pci=nocrs" and report a bug
[    0.868138] ACPI: PCI Root Bridge [PCI0] (domain 0000 [bus 00-ff])
[    0.869996] acpi PNP0A03:00: _OSC: OS supports [ASPM ClockPM Segments MSI]
[    0.872394] acpi PNP0A03:00: _OSC: not requesting OS control; OS requires [ExtendedConfig ASPM ClockPM MSI]
[    0.874932] acpi PNP0A03:00: fail to add MMCONFIG information, can't access extended PCI configuration space under this bridge.
[    0.879854] PCI host bridge to bus 0000:00
[    0.881417] pci_bus 0000:00: root bus resource [io  0x0000-0x0cf7 window]
[    0.887696] pci_bus 0000:00: root bus resource [io  0x0d00-0xffff window]
[    0.889953] pci_bus 0000:00: root bus resource [mem 0x000a0000-0x000bffff window]
[    0.892440] pci_bus 0000:00: root bus resource [mem 0x80000000-0xfdffffff window]
[    0.895427] pci_bus 0000:00: root bus resource [bus 00-ff]
[    0.899695] pci 0000:00:01.1: legacy IDE quirk: reg 0x10: [io  0x01f0-0x01f7]
[    0.901331] pci 0000:00:01.1: legacy IDE quirk: reg 0x14: [io  0x03f6]
[    0.903934] pci 0000:00:01.1: legacy IDE quirk: reg 0x18: [io  0x0170-0x0177]
[    0.905855] pci 0000:00:01.1: legacy IDE quirk: reg 0x1c: [io  0x0376]
[    0.984157] pci 0000:00:07.0: quirk: [io  0x4000-0x403f] claimed by PIIX4 ACPI
[    0.988828] pci 0000:00:07.0: quirk: [io  0x4100-0x410f] claimed by PIIX4 SMB
[    1.037862] ACPI: PCI Interrupt Link [LNKA] (IRQs 5 9 10 *11)
[    1.042206] ACPI: PCI Interrupt Link [LNKB] (IRQs 5 9 *10 11)
[    1.044685] ACPI: PCI Interrupt Link [LNKC] (IRQs 5 *9 10 11)
[    1.051767] ACPI: PCI Interrupt Link [LNKD] (IRQs 5 9 10 *11)
[    1.060549] ACPI: Enabled 2 GPEs in block 00 to 07
[    1.069688] vgaarb: setting as boot device: PCI:0000:00:02.0
[    1.071756] vgaarb: device added: PCI:0000:00:02.0,decodes=io+mem,owns=io+mem,locks=none
[    1.075125] vgaarb: loaded
[    1.075877] vgaarb: bridge control possible 0000:00:02.0
[    1.078073] SCSI subsystem initialized
[    1.090694] ACPI: bus type USB registered
[    1.091926] usbcore: registered new interface driver usbfs
[    1.093430] usbcore: registered new interface driver hub
[    1.095498] usbcore: registered new device driver usb
[    1.099703] PCI: Using ACPI for IRQ routing
[    1.103229] NetLabel: Initializing
[    1.104579] NetLabel:  domain hash size = 128
[    1.106563] NetLabel:  protocols = UNLABELED CIPSOv4
[    1.108024] NetLabel:  unlabeled traffic allowed by default
[    1.109778] amd_nb: Cannot enumerate AMD northbridges
[    1.115953] clocksource: Switched to clocksource kvm-clock
[    1.145227] AppArmor: AppArmor Filesystem Enabled
[    1.150369] pnp: PnP ACPI init
[    1.153550] pnp: PnP ACPI: found 3 devices
[    1.184728] clocksource: acpi_pm: mask: 0xffffff max_cycles: 0xffffff, max_idle_ns: 2085701024 ns
[    1.187643] NET: Registered protocol family 2
[    1.189244] TCP established hash table entries: 16384 (order: 5, 131072 bytes)
[    1.196421] TCP bind hash table entries: 16384 (order: 6, 262144 bytes)
[    1.198390] TCP: Hash tables configured (established 16384 bind 16384)
[    1.200212] UDP hash table entries: 1024 (order: 3, 32768 bytes)
[    1.202361] UDP-Lite hash table entries: 1024 (order: 3, 32768 bytes)
[    1.204706] NET: Registered protocol family 1
[    1.206246] pci 0000:00:00.0: Limiting direct PCI/PCI transfers
[    1.208429] pci 0000:00:01.0: Activating ISA DMA hang workarounds
[    1.211323] Unpacking initramfs...
[    1.650047] Freeing initrd memory: 14872K
[    1.651361] clocksource: tsc: mask: 0xffffffffffffffff max_cycles: 0x22982fdf183, max_idle_ns: 440795240423 ns
[    1.655330] platform rtc_cmos: registered platform RTC device (no PNP device found)
[    1.659991] Scanning for low memory corruption every 60 seconds
[    1.673526] audit: initializing netlink subsys (disabled)
[    1.676362] audit: type=2000 audit(1588045833.005:1): initialized
[    1.679774] Initialise system trusted keyring
[    1.684311] HugeTLB registered 2 MB page size, pre-allocated 0 pages
[    1.689318] zbud: loaded
[    1.690633] VFS: Disk quotas dquot_6.6.0
[    1.691821] VFS: Dquot-cache hash table entries: 512 (order 0, 4096 bytes)
[    1.695685] squashfs: version 4.0 (2009/01/31) Phillip Lougher
[    1.705743] fuse init (API version 7.23)
[    1.708103] Key type big_key registered
[    1.709936] Allocating IMA MOK and blacklist keyrings.
[    1.734306] Key type asymmetric registered
[    1.736762] Asymmetric key parser 'x509' registered
[    1.739842] Block layer SCSI generic (bsg) driver version 0.4 loaded (major 249)
[    1.747192] io scheduler noop registered
[    1.753445] io scheduler deadline registered (default)
[    1.757968] io scheduler cfq registered
[    1.759632] pci_hotplug: PCI Hot Plug PCI Core version: 0.5
[    1.774086] pciehp: PCI Express Hot Plug Controller Driver version: 0.4
[    1.783028] ACPI: AC Adapter [AC] (on-line)
[    1.787549] input: Power Button as /devices/LNXSYSTM:00/LNXPWRBN:00/input/input0
[    1.789966] ACPI: Power Button [PWRF]
[    1.791167] input: Sleep Button as /devices/LNXSYSTM:00/LNXSLPBN:00/input/input1
[    1.794132] ACPI: Sleep Button [SLPF]
[    1.797072] GHES: HEST is not enabled!
[    1.798256] ACPI: Battery Slot [BAT0] (battery present)
[    1.802069] Serial: 8250/16550 driver, 32 ports, IRQ sharing enabled
[    1.830923] 00:02: ttyS0 at I/O 0x3f8 (irq = 4, base_baud = 115200) is a 16550A
[    1.837768] Linux agpgart interface v0.103
[    1.854407] loop: module loaded
[    1.859564] scsi host0: ata_piix
[    1.861852] scsi host1: ata_piix
[    1.863755] ata1: PATA max UDMA/33 cmd 0x1f0 ctl 0x3f6 bmdma 0xd000 irq 14
[    1.867385] ata2: PATA max UDMA/33 cmd 0x170 ctl 0x376 bmdma 0xd008 irq 15
[    1.875633] libphy: Fixed MDIO Bus: probed
[    1.878142] tun: Universal TUN/TAP device driver, 1.6
[    1.880590] tun: (C) 1999-2004 Max Krasnyansky <maxk@qualcomm.com>
[    1.883544] PPP generic driver version 2.4.2
[    1.886646] ehci_hcd: USB 2.0 'Enhanced' Host Controller (EHCI) Driver
[    1.892382] ehci-pci: EHCI PCI platform driver
[    1.894320] ehci-platform: EHCI generic platform driver
[    1.898850] ohci_hcd: USB 1.1 'Open' Host Controller (OHCI) Driver
[    1.901657] ohci-pci: OHCI PCI platform driver
[    1.904144] ohci-platform: OHCI generic platform driver
[    1.906417] uhci_hcd: USB Universal Host Controller Interface driver
[    1.909355] i8042: PNP: PS/2 Controller [PNP0303:PS2K,PNP0f03:PS2M] at 0x60,0x64 irq 1,12
[    1.914100] serio: i8042 KBD port at 0x60,0x64 irq 1
[    1.917960] serio: i8042 AUX port at 0x60,0x64 irq 12
[    1.921314] mousedev: PS/2 mouse device common for all mice
[    1.924762] input: AT Translated Set 2 keyboard as /devices/platform/i8042/serio0/input/input2
[    1.929704] rtc_cmos rtc_cmos: rtc core: registered rtc_cmos as rtc0
[    1.929796] rtc_cmos rtc_cmos: alarms up to one day, 114 bytes nvram
[    1.929809] i2c /dev entries driver
[    1.929905] device-mapper: uevent: version 1.0.3
[    1.930008] device-mapper: ioctl: 4.34.0-ioctl (2015-10-28) initialised: dm-devel@redhat.com
[    1.930035] ledtrig-cpu: registered to indicate activity on CPUs
[    1.930449] NET: Registered protocol family 10
[    1.930859] NET: Registered protocol family 17
[    1.930891] Key type dns_resolver registered
[    1.931588] registered taskstats version 1
[    1.931612] Loading compiled-in X.509 certificates
[    1.933357] Loaded X.509 cert 'Build time autogenerated kernel key: a048edf52b07f04005c7780de0f875c713550332'
[    1.933460] zswap: loaded using pool lzo/zbud
[    1.940019] Key type trusted registered
[    1.952074] Key type encrypted registered
[    1.952082] AppArmor: AppArmor sha1 policy hashing enabled
[    1.952086] ima: No TPM chip found, activating TPM-bypass!
[    1.952092] ima: Allocated hash algorithm: sha1
[    1.952108] evm: HMAC attrs: 0x1
[    1.954336]   Magic number: 0:196:817
[    1.955120] rtc_cmos rtc_cmos: setting system clock to 2020-04-28 03:50:27 UTC (1588045827)
[    1.956243] BIOS EDD facility v0.16 2004-Jun-25, 0 devices found
[    1.956244] EDD information not available.
[    2.071355] Freeing unused kernel memory: 1488K
[    2.072796] Write protecting the kernel read-only data: 14336k
[    2.075028] Freeing unused kernel memory: 1604K
[    2.077515] Freeing unused kernel memory: 60K
Loading, please wait...
starting version 229
[    2.171019] random: systemd-udevd: uninitialized urandom read (16 bytes read, 5 bits of entropy available)
[    2.175897] random: udevadm: uninitialized urandom read (16 bytes read, 5 bits of entropy available)
[    2.175937] random: udevadm: uninitialized urandom read (16 bytes read, 5 bits of entropy available)
[    2.212735] random: systemd-udevd: uninitialized urandom read (16 bytes read, 5 bits of entropy available)
[    2.227734] random: systemd-udevd: uninitialized urandom read (16 bytes read, 5 bits of entropy available)
[    2.241073] random: systemd-udevd: uninitialized urandom read (16 bytes read, 5 bits of entropy available)
[    2.274866] random: systemd-udevd: uninitialized urandom read (16 bytes read, 5 bits of entropy available)
[    2.276001] random: udevadm: uninitialized urandom read (16 bytes read, 5 bits of entropy available)
[    2.276071] random: udevadm: uninitialized urandom read (16 bytes read, 5 bits of entropy available)
[    2.276324] random: udevadm: uninitialized urandom read (16 bytes read, 5 bits of entropy available)
[    2.497347] e1000: Intel(R) PRO/1000 Network Driver - version 7.3.21-k8-NAPI
[    2.501311] e1000: Copyright (c) 1999-2006 Intel Corporation.
[    2.530082] Fusion MPT base driver 3.04.20
[    2.533988] Copyright (c) 1999-2008 LSI Corporation
[    2.619459] Fusion MPT SPI Host driver 3.04.20
[    2.710868] AVX2 version of gcm_enc/dec engaged.
[    2.713259] AES CTR mode by8 optimization enabled
[    2.844766] input: ImExPS/2 Generic Explorer Mouse as /devices/platform/i8042/serio1/input/input4
[    4.094544] e1000 0000:00:03.0 eth0: (PCI:33MHz:32-bit) 02:f4:cb:fd:67:72
[    4.096835] e1000 0000:00:03.0 eth0: Intel(R) PRO/1000 Network Connection
[    5.276395] e1000 0000:00:08.0 eth1: (PCI:33MHz:32-bit) 08:00:27:01:9f:e7
[    5.278653] e1000 0000:00:08.0 eth1: Intel(R) PRO/1000 Network Connection
[    5.291106] mptbase: ioc0: Initiating bringup
[    5.294970] e1000 0000:00:03.0 enp0s3: renamed from eth0
[    5.324389] e1000 0000:00:08.0 enp0s8: renamed from eth1
[    5.380333] ioc0: LSI53C1030 A0: Capabilities={Initiator}
[    5.547649] scsi host2: ioc0: LSI53C1030 A0, FwRev=00000000h, Ports=1, MaxQ=256, IRQ=20
[    5.673209] scsi 2:0:0:0: Direct-Access     VBOX     HARDDISK         1.0  PQ: 0 ANSI: 5
[    5.679305] scsi target2:0:0: Beginning Domain Validation
[    5.684335] scsi target2:0:0: Domain Validation skipping write tests
[    5.685894] scsi target2:0:0: Ending Domain Validation
[    5.689186] scsi target2:0:0: asynchronous
[    5.717048] scsi 2:0:1:0: Direct-Access     VBOX     HARDDISK         1.0  PQ: 0 ANSI: 5
[    5.744612] scsi target2:0:1: Beginning Domain Validation
[    5.749274] scsi target2:0:1: Domain Validation skipping write tests
[    5.752463] scsi target2:0:1: Ending Domain Validation
[    5.754565] scsi target2:0:1: asynchronous
[    5.798440] sd 2:0:0:0: Attached scsi generic sg0 type 0
[    5.805051] sd 2:0:0:0: [sda] 20971520 512-byte logical blocks: (10.7 GB/10.0 GiB)
[    5.808212] sd 2:0:0:0: [sda] Write Protect is off
[    5.811102] sd 2:0:0:0: [sda] Incomplete mode parameter data
[    5.813345] sd 2:0:0:0: [sda] Assuming drive cache: write through
[    5.815284] sd 2:0:1:0: [sdb] 20480 512-byte logical blocks: (10.5 MB/10.0 MiB)
[    5.820538] sd 2:0:1:0: Attached scsi generic sg1 type 0
[    5.823903]  sda: sda1
[    5.825428] sd 2:0:1:0: [sdb] Write Protect is off
[    5.826068] sd 2:0:0:0: [sda] Attached SCSI disk
[    5.840502] sd 2:0:1:0: [sdb] Incomplete mode parameter data
[    5.847524] sd 2:0:1:0: [sdb] Assuming drive cache: write through
[    5.873740] sd 2:0:1:0: [sdb] Attached SCSI disk
Begin: Loading essential drivers ... [    7.511532] md: linear personality registered for level -1
[    7.525237] md: multipath personality registered for level -4
[    7.534573] md: raid0 personality registered for level 0
[    7.548882] md: raid1 personality registered for level 1
[    7.636306] raid6: sse2x1   gen()  1910 MB/s
[    7.708084] raid6: sse2x1   xor()  1057 MB/s
[    7.777868] raid6: sse2x2   gen()  1930 MB/s
[    7.852499] raid6: sse2x2   xor()  1296 MB/s
[    7.922056] raid6: sse2x4   gen()  4012 MB/s
[    7.988034] raid6: sse2x4   xor()  4989 MB/s
[    8.056168] raid6: avx2x1   gen()  8646 MB/s
[    8.124562] raid6: avx2x2   gen()  9246 MB/s
[    8.192337] raid6: avx2x4   gen() 12002 MB/s
[    8.197209] raid6: using algorithm avx2x4 gen() 12002 MB/s
[    8.198773] raid6: using avx2x2 recovery algorithm
[    8.207992] xor: automatically using best checksumming function:
[    8.252645]    avx       : 13317.000 MB/sec
[    8.264585] async_tx: api initialized (async)
[    8.351438] md: raid6 personality registered for level 6
[    8.356701] md: raid5 personality registered for level 5
[    8.358883] md: raid4 personality registered for level 4
[    8.393709] md: raid10 personality registered for level 10
done.
Begin: Running /scripts/init-premount ... done.
Begin: Mounting root file system ... Begin: Running /scripts/local-top ... done.
Begin: Running /scripts/local-premount ... [    8.558523] Btrfs loaded
Scanning for Btrfs filesystems
done.
Warning: fsck not present, so skipping root file system
[    8.639508] EXT4-fs (sda1): mounted filesystem with ordered data mode. Opts: (null)
done.
Begin: Running /scripts/local-bottom ... done.
Begin: Running /scripts/init-bottom ... done.
[    8.883500] systemd[1]: systemd 229 running in system mode. (+PAM +AUDIT +SELINUX +IMA +APPARMOR +SMACK +SYSVINIT +UTMP +LIBCRYPTSETUP +GCRYPT +GNUTLS +ACL +XZ -LZ4 +SECCOMP +BLKID +ELFUTILS +KMOD -IDN)
[    8.889797] systemd[1]: Detected virtualization oracle.
[    8.892540] systemd[1]: Detected architecture x86-64.

Welcome to [1mUbuntu 16.04.6 LTS[0m!

[    8.899450] systemd[1]: Set hostname to <ubuntu>.
[    8.904914] systemd[1]: Initializing machine ID from random generator.
[    8.906403] systemd[1]: Installed transient /etc/machine-id file.
[    9.156820] systemd[1]: Started Forward Password Requests to Wall Directory Watch.
[[0;32m  OK  [0m] Started Forward Password Requests to Wall Directory Watch.
[    9.168197] systemd[1]: Reached target User and Group Name Lookups.
[[0;32m  OK  [0m] Reached target User and Group Name Lookups.
[    9.171304] systemd[1]: Listening on udev Kernel Socket.
[[0;32m  OK  [0m] Listening on udev Kernel Socket.
[    9.174083] systemd[1]: Reached target Swap.
[[0;32m  OK  [0m] Reached target Swap.
[    9.176217] systemd[1]: Listening on LVM2 metadata daemon socket.
[[0;32m  OK  [0m] Listening on LVM2 metadata daemon socket.
[    9.180450] systemd[1]: Listening on Journal Socket (/dev/log).
[[0;32m  OK  [0m] Listening on Journal Socket (/dev/log).
[    9.183926] systemd[1]: Listening on Device-mapper event daemon FIFOs.
[[0;32m  OK  [0m] Listening on Device-mapper event daemon FIFOs.
[    9.187964] systemd[1]: Created slice System Slice.
[[0;32m  OK  [0m] Created slice System Slice.
[    9.190988] systemd[1]: Created slice system-serial\x2dgetty.slice.
[[0;32m  OK  [0m] Created slice system-serial\x2dgetty.slice.
[    9.193797] systemd[1]: Reached target Encrypted Volumes.
[[0;32m  OK  [0m] Reached target Encrypted Volumes.
[    9.196640] systemd[1]: Listening on LVM2 poll daemon socket.
[[0;32m  OK  [0m] Listening on LVM2 poll daemon socket.
[    9.200068] systemd[1]: Listening on udev Control Socket.
[[0;32m  OK  [0m] Listening on udev Control Socket.
[    9.203251] systemd[1]: Listening on Syslog Socket.
[[0;32m  OK  [0m] Listening on Syslog Socket.
[    9.205651] systemd[1]: Reached target System Time Synchronized.
[[0;32m  OK  [0m] Reached target System Time Synchronized.
[    9.209044] systemd[1]: Started Trigger resolvconf update for networkd DNS.
[[0;32m  OK  [0m] Started Trigger resolvconf update for networkd DNS.
[    9.212290] systemd[1]: Listening on Journal Socket.
[[0;32m  OK  [0m] Listening on Journal Socket.
[    9.246107] systemd[1]: Starting Load Kernel Modules...
         Starting Load Kernel Modules...
[    9.251587] systemd[1]: Mounting Debug File System...
         Mounting Debug F[    9.254576] random: nonblocking pool is initialized
ile System...
[    9.259830] systemd[1]: Starting Create list of required static device nodes for the current kernel...
         Starting Create list of required st... nodes for the current kernel...
[    9.267274] systemd[1]: Mounting POSIX Message Queue File System...
         Mounting POSIX Message Queue File System...
[    9.282367] systemd[1]: Starting Monitoring of LVM2 mirrors, snapshots etc. using dmeventd or progress polling...
[    9.286790] Loading iSCSI transport class v2.0-870.
         Starting Monitoring of LVM2 mirrors... dmeventd or progress polling...
[    9.292935] systemd[1]: Created slice User and Session Slice.
[[0;32m  OK  [0m] Created slice User and Session Slice.
[    9.296157] systemd[1]: Reached target Slices.
[[0;32m  OK  [0m] Reached target Slices.
[    9.299234] systemd[1]: Listening on Journal Audit Socket.
[[0;32m  OK  [0m] Listening on Journal Audit Socket.
[    9.305666] iscsi: registered transport (tcp)
[    9.317754] systemd[1]: Starting Journal Service...
         Starting Journal Service...
[    9.330139] systemd[1]: Set up automount Arbitrary Executable File Formats File System Automount Point.
[[0;32m  OK  [0m] Set up automount Arbitrary Executab...ats File System Automount Point.
[    9.352935] systemd[1]: Listening on /dev/initctl Compatibility Named Pipe.
[[0;32m  OK  [0m] Listening on /dev/initctl Compatibility Named Pipe.
[    9.368312] systemd[1]: Starting Uncomplicated firewall...
         Starting Uncomplicated firewall...
[    9.383822] systemd[1]: Starting Set console keymap...
         Starting Set console keymap...
[    9.403699] systemd[1]: Mounting Huge Pages File System...
         Mounting Huge Pages File System...
[    9.413878] systemd[1]: Starting Nameserver information manager...
         Starting Nameserver information manager...
[    9.421656] iscsi: registered transport (iser)
[    9.423807] systemd[1]: Starting Remount Root and Kernel File Systems...
         Starting Remount Root and Kernel File Systems...
[    9.440118] EXT4-fs (sda1): re-mounted. Opts: (null)
[    9.440675] systemd[1]: Mounted Debug File System.
[[0;32m  OK  [0m] Mounted Debug File System.
[    9.447772] systemd[1]: Mounted POSIX Message Queue File System.
[[0;32m  OK  [0m] Mounted POSIX Message Queue File System.
[    9.452655] systemd[1]: Mounted Huge Pages File System.
[[0;32m  OK  [0m] Mounted Huge Pages File System.
[    9.460538] systemd[1]: Started Journal Service.
[[0;32m  OK  [0m] Started Journal Service.
[[0;32m  OK  [0m] Started Load Kernel Modules.
[[0;32m  OK  [0m] Started Create list of required sta...ce nodes for the current kernel.
[[0;32m  OK  [0m] Started Uncomplicated firewall.
[[0;32m  OK  [0m] Started Remount Root and Kernel File Systems.
[[0;32m  OK  [0m] Started Nameserver information manager.
[[0;32m  OK  [0m] Started LVM2 metadata daemon.
         Starting Load/Save Random Seed...
         Starting udev Coldplug all Devices...
         Starting Create Static Device Nodes in /dev...
         Starting Apply Kernel Variables...
         Mounting FUSE Control File System...
         Starting Flush Journal to Persistent Storage...
[[0;32m  OK  [0m] Started Set console keymap.
[[0;32m  OK  [0m] Started Load/Save Random Seed.
[[0;32m  OK  [0m] Mounted FUSE Control File System.
[    9.658954] systemd-journald[392]: Received request to flush runtime journal from PID 1
[[0;32m  OK  [0m] Started Flush Journal to Persistent Storage.
[[0;32m  OK  [0m] Started Create Static Device Nodes in /dev.
         Starting udev Kernel Device Manager...
[[0;32m  OK  [0m] Started Monitoring of LVM2 mirrors,...ng dmeventd or progress polling.
[[0;32m  OK  [0m] Started Apply Kernel Variables.
[[0;32m  OK  [0m] Reached target Local File Systems (Pre).
[[0;32m  OK  [0m] Reached target Local File Systems.
         Starting Tell Plymouth To Write Out Runtime Data...
         Starting Commit a transient machine-id on disk...
         Starting LSB: AppArmor initialization...
         Starting Set console font and keymap...
         Starting Create Volatile Files and Directories...
         Starting Initial cloud-init job (pre-networking)...
[[0;32m  OK  [0m] Started udev Coldplug all Devices.
[[0;32m  OK  [0m] Started Tell Plymouth To Write Out Runtime Data.
[[0;32m  OK  [0m] Started Commit a transient machine-id on disk.
[[0;32m  OK  [0m] Started Create Volatile Files and Directories.
         Starting Update UTMP about System Boot/Shutdown...
[[0;32m  OK  [0m] Started udev Kernel Device Manager.
[[0;32m  OK  [0m] Started Dispatch Password Requests to Console Directory Watch.
[[0;32m  OK  [0m] Started Update UTMP about System Boot/Shutdown.
[[0;32m  OK  [0m] Found device /dev/ttyS0.
[[0;32m  OK  [0m] Listening on Load/Save RF Kill Switch Status /dev/rfkill Watch.
[[0;32m  OK  [0m] Started LSB: AppArmor initialization.
[   14.129820] cloud-init[499]: Cloud-init v. 19.4-33-gbb4131a2-0ubuntu1~16.04.1 running 'init-local' at Tue, 28 Apr 2020 03:50:38 +0000. Up 12.17 seconds.
[[0;32m  OK  [0m] Started Initial cloud-init job (pre-networking).
[[0;32m  OK  [0m] Reached target Network (Pre).
         Starting Raise network interfaces...
[[0;32m  OK  [0m] Started Set console font and keymap.
[[0;32m  OK  [0m] Created slice system-getty.slice.
[[0;32m  OK  [0m] Started Raise network interfaces.
[[0;32m  OK  [0m] Reached target Network.
         Starting Initial cloud-init job (metadata service crawler)...
[   17.459410] cloud-init[981]: Cloud-init v. 19.4-33-gbb4131a2-0ubuntu1~16.04.1 running 'init' at Tue, 28 Apr 2020 03:50:41 +0000. Up 15.93 seconds.
[   17.462133] cloud-init[981]: ci-info: ++++++++++++++++++++++++++++++++++++++Net device info+++++++++++++++++++++++++++++++++++++++
[   17.465973] cloud-init[981]: ci-info: +--------+-------+----------------------------+---------------+--------+-------------------+
[   17.467869] cloud-init[981]: ci-info: | Device |   Up  |          Address           |      Mask     | Scope  |     Hw-Address    |
[   17.470147] cloud-init[981]: ci-info: +--------+-------+----------------------------+---------------+--------+-------------------+
[   17.476417] cloud-init[981]: ci-info: | enp0s3 |  True |         10.0.2.15          | 255.255.255.0 | global | 02:f4:cb:fd:67:72 |
[   17.480171] cloud-init[981]: ci-info: | enp0s3 |  True | fe80::f4:cbff:fefd:6772/64 |       .       |  link  | 02:f4:cb:fd:67:72 |
[   17.483256] cloud-init[981]: ci-info: | enp0s8 | False |             .              |       .       |   .    | 08:00:27:01:9f:e7 |
[   17.492569] cloud-init[981]: ci-info: |   lo   |  True |         127.0.0.1          |   255.0.0.0   |  host  |         .         |
[   17.495506] cloud-init[981]: ci-info: |   lo   |  True |          ::1/128           |       .       |  host  |         .         |
[   17.503444] cloud-init[981]: ci-info: +--------+-------+----------------------------+---------------+--------+-------------------+
[   17.506317] cloud-init[981]: ci-info: +++++++++++++++++++++++++++Route IPv4 info++++++++++++++++++++++++++++
[   17.509061] cloud-init[981]: ci-info: +-------+-------------+----------+---------------+-----------+-------+
[   17.511932] cloud-init[981]: ci-info: | Route | Destination | Gateway  |    Genmask    | Interface | Flags |
[   17.514463] cloud-init[981]: ci-info: +-------+-------------+----------+---------------+-----------+-------+
[   17.516885] cloud-init[981]: ci-info: |   0   |   0.0.0.0   | 10.0.2.2 |    0.0.0.0    |   enp0s3  |   UG  |
[   17.519406] cloud-init[981]: ci-info: |   1   |   10.0.2.0  | 0.0.0.0  | 255.255.255.0 |   enp0s3  |   U   |
[   17.521915] cloud-init[981]: ci-info: +-------+-------------+----------+---------------+-----------+-------+
[   17.524285] cloud-init[981]: ci-info: +++++++++++++++++++Route IPv6 info+++++++++++++++++++
[   17.526312] cloud-init[981]: ci-info: +-------+-------------+---------+-----------+-------+
[   17.528491] cloud-init[981]: ci-info: | Route | Destination | Gateway | Interface | Flags |
[   17.531470] cloud-init[981]: ci-info: +-------+-------------+---------+-----------+-------+
[   17.533651] cloud-init[981]: ci-info: |   0   |  fe80::/64  |    ::   |   enp0s3  |   U   |
[   17.541143] cloud-init[981]: ci-info: |   3   |   ff00::/8  |    ::   |   enp0s3  |   U   |
[   17.549793] cloud-init[981]: ci-info: +-------+-------------+---------+-----------+-------+
[   17.552655] cloud-init[981]: Generating public/private rsa key pair.
[   17.559082] cloud-init[981]: Your identification has been saved in /etc/ssh/ssh_host_rsa_key.
[   17.562292] cloud-init[981]: Your public key has been saved in /etc/ssh/ssh_host_rsa_key.pub.
[   17.565397] cloud-init[981]: The key fingerprint is:
[   17.568559] cloud-init[981]: SHA256:+J42Iio4ibY3hYe3r3B+GnyjcKGlN97epecgrKFIfsM root@ubuntu-xenial
[   17.572124] cloud-init[981]: The key's randomart image is:
[   17.576058] cloud-init[981]: +---[RSA 2048]----+
[   17.579073] cloud-init[981]: |                 |
[   17.580840] cloud-init[981]: |                 |
[   17.584714] cloud-init[981]: |                 |
[   17.586668] cloud-init[981]: |       .         |
[   17.588589] cloud-init[981]: |    oo. S        |
[   17.596658] cloud-init[981]: |   o=+o.         |
[   17.598566] [[0;32m  OK  [0m] Started Initial cloud-init job (metadata service crawler).
[[0;32m  OK  [0m] Reached target Network is Online.
cloud-init[981]: |oo.=+O.=.. .     |
[   17.604477] cloud-init[981]: |O..E@.Xo*.+.     |
[   17.606783] cloud-init[981]: |.*=ooO**o+o.     |
[   17.611661]          Starting iSCSI initiator daemon (iscsid)...
[[0;32m  OK  [0m] Reached target Cloud-config availability.
[[0;32m  OK  [0m] Reached target System Initialization.
[[0;32m  OK  [0m] Listening on D-Bus System Message Bus Socket.
         Starting Socket activation for snappy daemon.
[[0;32m  OK  [0m] Started Daily apt download activities.
cloud-init[981]: +----[SHA256]-----+[[0;32m  OK  [0m] Started ACPI Events Check.
[[0;32m  OK  [0m] Reached target Paths.
         Starting LXD - unix socket.
[[0;32m  OK  [0m] Listening on UUID daemon activation socket.

[[0;32m  OK  [0m] Started Daily apt upgrade and clean activities.
[[0;32m  OK  [0m] Listening on ACPID Listen Socket.
[   17.622480] cloud-init[981]: Generating public/private dsa key pair.
[   17.631460] [[0;32m  OK  [0m] Started Daily Cleanup of Temporary Directories.
[[0;32m  OK  [0m] Started Message of the Day.
[[0;32m  OK  [0m] Reached target Timers.
cloud-init[981]: Your identification has been saved in /etc/ssh/ssh_host_dsa_key.
[   17.635555] [[0;32m  OK  [0m] Listening on Socket activation for snappy daemon.
cloud-init[981]: Your public key has been saved in /etc/ssh/ssh_host_dsa_key.pub.
[   17.637601] cloud-init[981]: The key fingerprint is:
[[0;32m  OK  [0m] Listening on LXD - unix socket.
[   17.640145] cloud-init[981]: SHA256:4Ve6zeH9mxWrijVq4mqvVgbYUJVKtR59YS3KkjklA0s root@ubuntu-xenial
[   17.655526] cloud-init[981]: The key's randomart image is:
[   17.657104] cloud-init[981]: +---[DSA 1024]----+
[   17.658304] cloud-init[981]: |    .E+o.  o.    |
[   17.659602] cloud-init[981]: |   ....+o.....   |
[   17.668604] [cloud-init[0;32m  OK  [0m[981]: ] |    =..oO...o    |Reached target Sockets.

[   17.670904] [[0;32m  OK  [0m] Reached target Basic System.
cloud-init[981]: |   . +.*.+.o     |
[[0;32m  OK  [0m] Started FUSE filesystem for LXC.
         Starting LSB: MD monitoring daemon...
[   17.688447] cloud-init[981]: |      ..S o .  . |
         Starting Pollinate to seed the pseudo random number generator...
[[0;32m  OK  [0m] Started D-Bus System Message Bus.
[   17.704095] cloud-init[981]: |       o . = o  o|
[   17.729827] cloud-init[981]: |      o   .o+ ...|
[   17.754627] cloud-init[981]: |     o . .+ . ..o|
[   17.756453] cloud-init[981]: |    oo=ooo ... oo|
[   17.765592] cloud-init[981]: +----[SHA256]-----+
[   17.768485] cloud-init[981]: Generating public/private ecdsa key pair.
[   17.770005] cloud-init[981]: Your identification has been saved in /etc/ssh/ssh_host_ecdsa_key.
[   17.771830] cloud-init[981]: Your public key has been saved in /etc/ssh/ssh_host_ecdsa_key.pub.
[   17.782459] cloud-init[981]: The key fingerprint is:
[   17.784131] cloud-init[981]: SHA256:P2KzEjtz8w8cPQ3XeefJeCT/may3GYAstk5+hPCiljk root@ubuntu-xenial
[   17.790133] cloud-init[981]: The key's randomart image is:
[   17.791851] cloud-init[981]: +---[ECDSA 256]---+
[   17.794530] cloud-init[981]: |                 |
[   17.799753] cloud-init[981]: |               ..|
[   17.801996] cloud-init[981]: |            ...o+|
[   17.802965] cloud-init[981]: |       .  ...+*.+|
[   17.804200] cloud-init[981]: |        Sooooo.=.|
[   17.805346] cloud-init[981]: |      ...=oo .+ +|
[   17.806844] cloud-init[981]: |      +o=o*    =.|
[   17.808156] cloud-init[981]: |     E=.*+ +  ..o|
[   17.816825] cloud-init[981]: |    . .=.=o....o.|
[   17.818415] cloud-init[981]: +----[SHA256]-----+
[   17.819632] cloud-init[981]: Generating public/private ed25519 key pair.
[   17.820640] cloud-init[981]: Your identification has been saved in /etc/ssh/ssh_host_ed25519_key.
[   17.832492] cloud-init[981]: Your public key has been saved in /etc/ssh/ssh_host_ed25519_key.pub.
[   17.840438] cloud-init[981]: The key fingerprint is:
[   17.847118] cloud-init[981]: SHA256:hYiZbU5vrN8k7gdsYYIwMnjeDkJCNxHg/jkgC3QF2iI root@ubuntu-xenial
[   17.853691] cloud-init[981]: The key's randomart image is:
[   17.861736] cloud-init[981]: +--[ED25519 256]--+
[   17.868882] cloud-init[981]: |oo.*+.           |
[   17.876496] cloud-init[981]: |*.B o= . .       |
[   17.879993] cloud-init[981]: |EX *+.= . .      |
[   17.881476] cloud-init[981]: |= = o+.oo.       |
[   17.888990] cloud-init[981]: |o+ o  .+S.       |
[   17.894511] cloud-init[981]: |o.o o  o+        |
[   17.902653] cloud-init[981]: |.  +  .....      |
[   17.905304] cloud-init[981]: |    .  o +.      |
[   17.908099] cloud-init[981]: |       .+..      |
[   17.911199] cloud-init[981]: +----[SHA256]-----+
         Starting Virtualbox guest utils...
         Starting LXD - container startup/shutdown...
[[0;32m  OK  [0m] Started ACPI event daemon.
         Starting Login Service...
         Starting LSB: Record successful boot for GRUB...
         Starting Snappy daemon...
[[0;32m  OK  [0m] Started Regular background program processing daemon.
         Starting System Logging Service...
         Starting Accounts Service...
[[0;32m  OK  [0m] Started Deferred execution scheduler.
         Starting /etc/rc.local Compatibility...
[[0;32m  OK  [0m] Started iSCSI initiator daemon (iscsid).
[[0;32m  OK  [0m] Started /etc/rc.local Compatibility.
         Starting Login to default iSCSI targets...
[[0;32m  OK  [0m] Started Login Service.
[[0;32m  OK  [0m] Started Unattended Upgrades Shutdown.
[[0;32m  OK  [0m] Started System Logging Service.
[[0;32m  OK  [0m] Started LSB: Record successful boot for GRUB.
[[0;32m  OK  [0m] Started LSB: MD monitoring daemon.
[[0;32m  OK  [0m] Started Login to default iSCSI targets.
[[0;32m  OK  [0m] Reached target Remote File Systems (Pre).
[[0;32m  OK  [0m] Reached target Remote File Systems.
         Starting LSB: automatic crash report generation...
         Starting LSB: Set the CPU Frequency Scaling governor to "ondemand"...
         Starting Permit User Sessions...
         Starting LSB: daemon to balance interrupts for SMP systems...
[[0;32m  OK  [0m] Started Permit User Sessions.
         Starting Authenticate and Authorize Users to Run Privileged Tasks...
         Starting Terminate Plymouth Boot Screen...
         Starting Hold until boot process finishes up...
[[0;32m  OK  [0m] Started Hold until boot process finishes up.
[[0;32m  OK  [0m] Started Terminate Plymouth Boot Screen.
         Starting Set console scheme...
[[0;32m  OK  [0m] Started Getty on tty1.
[[0;32m  OK  [0m] Started Serial Getty on ttyS0.
[[0;32m  OK  [0m] Reached target Login Prompts.
[[0;32m  OK  [0m] Started Set console scheme.
[[0;32m  OK  [0m] Started LSB: Set the CPU Frequency Scaling governor to "ondemand".
[[0;32m  OK  [0m] Started LXD - container startup/shutdown.
[[0;32m  OK  [0m] Started LSB: daemon to balance interrupts for SMP systems.
[[0;32m  OK  [0m] Started LSB: automatic crash report generation.
[[0;32m  OK  [0m] Started Authenticate and Authorize Users to Run Privileged Tasks.
[[0;32m  OK  [0m] Started Virtualbox guest utils.
[[0;32m  OK  [0m] Started Accounts Service.
[[0;32m  OK  [0m] Started Snappy daemon.
         Starting Wait until snapd is fully seeded...
[[0;32m  OK  [0m] Started Pollinate to seed the pseudo random number generator.
         Starting OpenBSD Secure Shell server...
[[0;32m  OK  [0m] Started OpenBSD Secure Shell server.
[[0;32m  OK  [0m] Created slice User Slice of vagrant.
         Starting User Manager for UID 1000...
[[0;32m  OK  [0m] Started Session 1 of user vagrant.
[[0;32m  OK  [0m] Started User Manager for UID 1000.

Ubuntu 16.04.6 LTS ubuntu-xenial ttyS0

ubuntu-xenial login: [   27.079174] cloud-init[1446]: Generating locales (this might take a while)...
[   28.573203] cloud-init[1446]:   en_US.UTF-8... done
[   28.574269] cloud-init[1446]: Generation complete.
[   29.348636] cloud-init[1446]: Cloud-init v. 19.4-33-gbb4131a2-0ubuntu1~16.04.1 running 'modules:config' at Tue, 28 Apr 2020 03:50:52 +0000. Up 26.65 seconds.
ci-info: no authorized SSH keys fingerprints found for user ubuntu.
<14>Apr 28 03:50:56 ec2: 
<14>Apr 28 03:50:56 ec2: #############################################################
<14>Apr 28 03:50:56 ec2: -----BEGIN SSH HOST KEY FINGERPRINTS-----
<14>Apr 28 03:50:56 ec2: 1024 SHA256:4Ve6zeH9mxWrijVq4mqvVgbYUJVKtR59YS3KkjklA0s root@ubuntu-xenial (DSA)
<14>Apr 28 03:50:56 ec2: 256 SHA256:P2KzEjtz8w8cPQ3XeefJeCT/may3GYAstk5+hPCiljk root@ubuntu-xenial (ECDSA)
<14>Apr 28 03:50:56 ec2: 256 SHA256:hYiZbU5vrN8k7gdsYYIwMnjeDkJCNxHg/jkgC3QF2iI root@ubuntu-xenial (ED25519)
<14>Apr 28 03:50:56 ec2: 2048 SHA256:+J42Iio4ibY3hYe3r3B+GnyjcKGlN97epecgrKFIfsM root@ubuntu-xenial (RSA)
<14>Apr 28 03:50:56 ec2: -----END SSH HOST KEY FINGERPRINTS-----
<14>Apr 28 03:50:56 ec2: #############################################################
-----BEGIN SSH HOST KEY KEYS-----
ecdsa-sha2-nistp256 AAAAE2VjZHNhLXNoYTItbmlzdHAyNTYAAAAIbmlzdHAyNTYAAABBBJVVDMTYNeAUZbO2PFt3zSG0CYWC6r7QvJSHfIpDxXBBE1ASZZexGZQOmfUSqcNQnfsW2zsg+227qt8cwNudQKc= root@ubuntu-xenial
ssh-ed25519 AAAAC3NzaC1lZDI1NTE5AAAAINZjyFUECDcz7HWtJ3jBwb7QtaVcbviQjvD1DYPG8nsy root@ubuntu-xenial
ssh-rsa AAAAB3NzaC1yc2EAAAADAQABAAABAQDPjSz2PhcbqPitUkybzIA5MDvevhynR7HrTc6qk19ZHUBdTbvsm0OVAbnBeSgLK17CmW1DPqq/GGbZXQNAIHi7b/vdElU3BiL7faPPGxf5MdBunun3sQebpBrmrnoNmjnl/ea6nfsTQuHdaYcWsCDhfbjpKxirEeX8lwnVqLz9cgNRUlR0AvBFgLFKutRK383TZd3CqTIhwHm2/IkcBu62Px0l6hF11TQPxOfR7Xcy7XwcMgxnbH9qqd9zaKqtYzq5mtgEECbmvHx6sqWx+6T1P3t7chSubB5+c35WlKZuLmgQ0N9fLf0/3dMpjtZazmIqxTzzNzXxsXTIB7VohjHh root@ubuntu-xenial
-----END SSH HOST KEY KEYS-----
[   30.291575] cloud-init[1612]: Cloud-init v. 19.4-33-gbb4131a2-0ubuntu1~16.04.1 running 'modules:final' at Tue, 28 Apr 2020 03:50:56 +0000. Up 30.07 seconds.
[   30.291992] cloud-init[1612]: ci-info: no authorized SSH keys fingerprints found for user ubuntu.
[   30.292233] cloud-init[1612]: Cloud-init v. 19.4-33-gbb4131a2-0ubuntu1~16.04.1 finished at Tue, 28 Apr 2020 03:50:56 +0000. Datasource DataSourceNoCloud [seed=/dev/sdb][dsmode=net].  Up 30.27 seconds
